<?xml version="1.0" encoding="utf-8"?><testsuites name="pytest tests"><testsuite name="pytest" errors="0" failures="0" skipped="1" tests="11" time="12.831" timestamp="2026-08-02T15:10:20.910739+00:00" hostname="agent-env-85e5ff70-2ba2-4cc5-bcaf-01dfad592bba"><testcase classname="tests.test_iter35_batch.TestProhibitions" name="test_create_get_update_delete" time="0.868" /><testcase classname="tests.test_iter35_batch.TestProhibitions" name="test_prohibitions_pdf_report" time="0.577" /><testcase classname="tests.test_iter35_batch.TestJobCardPDF" name="test_create_and_download_pdf" time="0.825" /><testcase classname="tests.test_iter35_batch.TestAutoJobCardFromDefect" name="test_defect_creates_one_job_card" time="6.686" /><testcase classname="tests.test_iter35_batch.TestAutoJobCardFromDefect" name="test_dedup_same_source_ref" time="1.270" /><testcase classname="tests.test_iter35_batch.TestAutoJobCardFromPMI" name="test_pmi_interim_fail_creates_one_job_card" time="0.528" /><testcase classname="tests.test_iter35_batch.TestAutoJobCardFromPMI" name="test_pmi_scheduled_fail_creates_one_job_card" time="0.321" /><testcase classname="tests.test_iter35_batch.TestComplianceReminders" name="test_compliance_doc_in_reminder_digest" time="0.319" /><testcase classname="tests.test_iter35_batch.TestAuditPack" name="test_audit_json_has_new_sections" time="0.060" /><testcase classname="tests.test_iter35_batch.TestAuditPack" name="test_audit_pdf" time="0.434" /><testcase classname="tests.test_iter35_batch.TestViewerProtection" name="test_viewer_read_ok_write_blocked" time="0.848"><skipped type="pytest.skip" message="cannot create invitation: 422 {&quot;detail&quot;:[{&quot;type&quot;:&quot;value_error&quot;,&quot;loc&quot;:[&quot;body&quot;,&quot;email&quot;],&quot;msg&quot;:&quot;value is not a valid email address: The part after the @-sign is a special-use or reserved name that cannot be used with email.&quot;,&quot;input&quot;:&quot;TEST_viewer_29887d@haulcheck.test&quot;,&quot;ctx&quot;:{&quot;reason&quot;:&quot;The part after the @-sign is a special-use or reserved name that cannot be used with email.&quot;}}]}">/app/backend/tests/test_iter35_batch.py:353: cannot create invitation: 422 {"detail":[{"type":"value_error","loc":["body","email"],"msg":"value is not a valid email address: The part after the @-sign is a special-use or reserved name that cannot be used with email.","input":"TEST_viewer_29887d@haulcheck.test","ctx":{"reason":"The part after the @-sign is a special-use or reserved name that cannot be used with email."}}]}</skipped></testcase></testsuite></testsuites>