<?xml version="1.0" encoding="utf-8"?><testsuites name="pytest tests"><testsuite name="pytest" errors="0" failures="0" skipped="1" tests="10" time="3.508" timestamp="2026-08-02T14:51:21.089889+00:00" hostname="agent-env-85e5ff70-2ba2-4cc5-bcaf-01dfad592bba"><testcase classname="tests.test_iter34_batch.TestComplianceDocs" name="test_crud" time="1.359" /><testcase classname="tests.test_iter34_batch.TestJobCards" name="test_crud_and_job_number_format" time="1.410" /><testcase classname="tests.test_iter34_batch.TestComplianceDocs" name="test_update_missing_404" time="0.114" /><testcase classname="tests.test_iter34_batch.TestJobCards" name="test_update_missing_404" time="0.107" /><testcase classname="tests.test_iter34_batch.TestComplianceDocs" name="test_requires_auth" time="0.197" /><testcase classname="tests.test_iter34_batch.TestJobCards" name="test_requires_auth" time="0.197" /><testcase classname="tests.test_iter34_batch.TestOperatorFinancial" name="test_financial_and_bank_persist" time="0.299" /><testcase classname="tests.test_iter34_batch.TestDocumentsRegression" name="test_doc_type_retained" time="0.304" /><testcase classname="tests.test_iter34_batch.TestCalendarVOR" name="test_vor_spans_each_day" time="0.717" /><testcase classname="tests.test_iter34_batch.TestViewerGuard" name="test_viewer_blocked_on_new_endpoints" time="0.845"><skipped type="pytest.skip" message="No admin endpoint found to set viewer role; guard cannot be verified without one">/app/backend/tests/test_iter34_batch.py:270: No admin endpoint found to set viewer role; guard cannot be verified without one</skipped></testcase></testsuite></testsuites>