<?xml version="1.0" encoding="utf-8"?><testsuites name="pytest tests"><testsuite name="pytest" errors="0" failures="1" skipped="0" tests="9" time="21.214" timestamp="2026-08-02T16:15:37.558900+00:00" hostname="agent-env-85e5ff70-2ba2-4cc5-bcaf-01dfad592bba"><testcase classname="tests.test_iter38_batch.TestMonthly" name="test_monthly_shape" time="0.615" /><testcase classname="tests.test_iter38_batch.TestMonthly" name="test_monthly_reflects_seeded_costs" time="0.760" /><testcase classname="tests.test_iter38_batch.TestCostsHighCost" name="test_avg_cpm_and_high_cost" time="1.771" /><testcase classname="tests.test_iter38_batch.TestProhibitionsPack" name="test_pack_returns_pdf_only_open" time="16.832" /><testcase classname="tests.test_iter38_batch.TestRegression" name="test_costs_no_filter" time="0.098" /><testcase classname="tests.test_iter38_batch.TestRegression" name="test_costs_with_date_filter" time="0.106" /><testcase classname="tests.test_iter38_batch.TestRegression" name="test_prohibitions_report" time="0.730" /><testcase classname="tests.test_iter38_batch.TestRegression" name="test_dashboard_alerts" time="0.098"><failure message="assert 404 == 200&#10; +  where 404 = &lt;Response [404]&gt;.status_code">backend/tests/test_iter38_batch.py:217: in test_dashboard_alerts
    assert r.status_code == 200
E   assert 404 == 200
E    +  where 404 = &lt;Response [404]&gt;.status_code</failure></testcase><testcase classname="tests.test_iter38_batch.TestRegression" name="test_job_card_status_invalid" time="0.098" /></testsuite></testsuites>