<?xml version="1.0" encoding="utf-8"?><testsuites name="pytest tests"><testsuite name="pytest" errors="0" failures="0" skipped="0" tests="8" time="5.467" timestamp="2026-08-02T15:51:59.169026+00:00" hostname="agent-env-85e5ff70-2ba2-4cc5-bcaf-01dfad592bba"><testcase classname="tests.test_iter37_batch.TestMaintenanceCosts" name="test_date_filter_and_cost_per_mile" time="1.134" /><testcase classname="tests.test_iter37_batch.TestMaintenanceCosts" name="test_empty_range_returns_empty" time="0.094" /><testcase classname="tests.test_iter37_batch.TestMaintenanceCosts" name="test_no_params_regression" time="0.100" /><testcase classname="tests.test_iter37_batch.TestProhibitionChase" name="test_recent_prohibition_not_chased" time="0.927" /><testcase classname="tests.test_iter37_batch.TestProhibitionChase" name="test_old_prohibition_is_chased" time="0.568" /><testcase classname="tests.test_iter37_batch.TestProhibitionChase" name="test_cleared_prohibition_not_chased" time="0.671" /><testcase classname="tests.test_iter37_batch.TestDashboardProhibitionAlert" name="test_open_prohibition_alert_and_clear" time="0.455" /><testcase classname="tests.test_iter37_batch.TestJobCardStatus" name="test_status_update_and_validation" time="1.433" /></testsuite></testsuites>