<?xml version="1.0" encoding="utf-8"?><testsuites name="pytest tests"><testsuite name="pytest" errors="0" failures="0" skipped="0" tests="21" time="31.358" timestamp="2026-08-02T18:40:29.498843+00:00" hostname="agent-env-85e5ff70-2ba2-4cc5-bcaf-01dfad592bba"><testcase classname="tests.test_iter39_batch.TestEmailVerification" name="test_register_returns_needs_verification" time="1.072" /><testcase classname="tests.test_iter39_batch.TestEmailVerification" name="test_login_before_verify_blocked" time="1.070" /><testcase classname="tests.test_iter39_batch.TestEmailVerification" name="test_verify_with_token_logs_in" time="1.235" /><testcase classname="tests.test_iter39_batch.TestEmailVerification" name="test_wrong_code_400_then_429" time="2.797" /><testcase classname="tests.test_iter39_batch.TestEmailVerification" name="test_resend_verification_ok" time="0.809" /><testcase classname="tests.test_iter39_batch.TestEmailVerification" name="test_existing_admin_grandfathered" time="0.367" /><testcase classname="tests.test_iter39_batch.TestRegionEU" name="test_set_region_eu_and_back" time="0.909" /><testcase classname="tests.test_iter39_batch.TestBrakeTestGap" name="test_uk_brake_gap_high_priority" time="8.802" /><testcase classname="tests.test_iter39_batch.TestBrakeTestGap" name="test_eu_no_brake_gap" time="3.721" /><testcase classname="tests.test_iter39_batch.TestBrakeTestGap" name="test_ie_no_brake_gap" time="3.653" /><testcase classname="tests.test_iter39_batch.TestAdminPanel" name="test_admin_list_users" time="0.144" /><testcase classname="tests.test_iter39_batch.TestAdminPanel" name="test_non_admin_403" time="0.919" /><testcase classname="tests.test_iter39_batch.TestAdminPanel" name="test_me_is_admin_flag" time="0.992" /><testcase classname="tests.test_iter39_batch.TestAdminPanel" name="test_suspend_reactivate_flow" time="1.758" /><testcase classname="tests.test_iter39_batch.TestAdminPanel" name="test_cannot_suspend_self" time="0.217" /><testcase classname="tests.test_iter39_batch.TestAdminPanel" name="test_cannot_suspend_another_admin" time="0.121" /><testcase classname="tests.test_iter39_batch.TestStaffRole" name="test_staff_invite_and_edit" time="0.897" /><testcase classname="tests.test_iter39_batch.TestStaffRole" name="test_viewer_write_blocked" time="0.886" /><testcase classname="tests.test_iter39_batch.TestRegression" name="test_admin_dashboard" time="0.107" /><testcase classname="tests.test_iter39_batch.TestRegression" name="test_region_uk_ie_still_work" time="0.398" /><testcase classname="tests.test_iter39_batch.TestRegression" name="test_jobcards_prohibitions_costs_load" time="0.320" /></testsuite></testsuites>