<?xml version="1.0" encoding="utf-8"?><testsuites name="pytest tests"><testsuite name="pytest" errors="0" failures="0" skipped="0" tests="6" time="39.490" timestamp="2026-08-02T15:40:59.622446+00:00" hostname="agent-env-85e5ff70-2ba2-4cc5-bcaf-01dfad592bba"><testcase classname="tests.test_iter36_batch" name="test_prohibition_appears_on_dashboard" time="0.932" /><testcase classname="tests.test_iter36_batch" name="test_raise_job_card_from_alert" time="6.511" /><testcase classname="tests.test_iter36_batch" name="test_job_card_status_transitions" time="0.955" /><testcase classname="tests.test_iter36_batch" name="test_maintenance_costs" time="0.468" /><testcase classname="tests.test_iter36_batch" name="test_defect_rectify_completes_job_card" time="2.089" /><testcase classname="tests.test_iter36_batch" name="test_regression_endpoints" time="28.454" /></testsuite></testsuites>