<?xml version="1.0" encoding="utf-8"?><testsuites name="pytest tests"><testsuite name="pytest" errors="0" failures="0" skipped="0" tests="11" time="2.948" timestamp="2026-08-07T09:45:02.066986+00:00" hostname="agent-env-85e5ff70-2ba2-4cc5-bcaf-01dfad592bba"><testcase classname="tests.test_new_features.TestVehiclePurchaseOdometer" name="test_create_vehicle_with_purchase_fields" time="0.537" /><testcase classname="tests.test_new_features.TestVehiclePurchaseOdometer" name="test_first_diesel_fill_computes_mpg_from_purchase" time="0.196" /><testcase classname="tests.test_new_features.TestVehiclePurchaseOdometer" name="test_fuel_summary_has_avg_l_per_100km_and_date_range" time="0.311" /><testcase classname="tests.test_new_features.TestVehiclePurchaseOdometer" name="test_cleanup_fuel_and_vehicle" time="0.191" /><testcase classname="tests.test_new_features.TestOperatorGMR" name="test_get_operator" time="0.129" /><testcase classname="tests.test_new_features.TestOperatorGMR" name="test_save_gmr_reference" time="0.192" /><testcase classname="tests.test_new_features.TestGlobalDocs" name="test_admin_create_global_doc_link_normalized" time="0.094" /><testcase classname="tests.test_new_features.TestGlobalDocs" name="test_list_global_docs_visible" time="0.094" /><testcase classname="tests.test_new_features.TestGlobalDocs" name="test_upload_and_download_attached_file" time="0.745" /><testcase classname="tests.test_new_features.TestGlobalDocs" name="test_download_requires_auth" time="0.199" /><testcase classname="tests.test_new_features.TestGlobalDocs" name="test_admin_delete_global_docs" time="0.196" /></testsuite></testsuites>