<?xml version="1.0" encoding="utf-8"?><testsuites name="pytest tests"><testsuite name="pytest" errors="0" failures="0" skipped="24" tests="42" time="7.333" timestamp="2026-08-07T07:30:41.661825+00:00" hostname="agent-env-85e5ff70-2ba2-4cc5-bcaf-01dfad592bba"><testcase classname="tests.test_print_entries" name="test_print_pdf_returns_200[walkaround]" time="1.696"><skipped type="pytest.skip" message="No seeded walkaround record">/app/backend/tests/test_print_entries.py:94: No seeded walkaround record</skipped></testcase><testcase classname="tests.test_print_entries" name="test_print_pdf_returns_200[defect]" time="0.499" /><testcase classname="tests.test_print_entries" name="test_print_pdf_returns_200[service]" time="0.000"><skipped type="pytest.skip" message="No seeded service record">/app/backend/tests/test_print_entries.py:94: No seeded service record</skipped></testcase><testcase classname="tests.test_print_entries" name="test_print_pdf_returns_200[repair]" time="0.000"><skipped type="pytest.skip" message="No seeded repair record">/app/backend/tests/test_print_entries.py:94: No seeded repair record</skipped></testcase><testcase classname="tests.test_print_entries" name="test_print_pdf_returns_200[wheel]" time="0.000"><skipped type="pytest.skip" message="No seeded wheel record">/app/backend/tests/test_print_entries.py:94: No seeded wheel record</skipped></testcase><testcase classname="tests.test_print_entries" name="test_print_pdf_returns_200[training]" time="0.471" /><testcase classname="tests.test_print_entries" name="test_print_pdf_returns_200[insurance]" time="0.522" /><testcase classname="tests.test_print_entries" name="test_print_pdf_returns_200[tacho]" time="0.354" /><testcase classname="tests.test_print_entries" name="test_print_pdf_returns_200[recall]" time="0.000"><skipped type="pytest.skip" message="No seeded recall record">/app/backend/tests/test_print_entries.py:94: No seeded recall record</skipped></testcase><testcase classname="tests.test_print_entries" name="test_print_pdf_returns_200[prohibition]" time="0.000"><skipped type="pytest.skip" message="No seeded prohibition record">/app/backend/tests/test_print_entries.py:94: No seeded prohibition record</skipped></testcase><testcase classname="tests.test_print_entries" name="test_print_pdf_returns_200[compliance-doc]" time="0.000"><skipped type="pytest.skip" message="No seeded compliance-doc record">/app/backend/tests/test_print_entries.py:94: No seeded compliance-doc record</skipped></testcase><testcase classname="tests.test_print_entries" name="test_print_pdf_returns_200[document]" time="0.440" /><testcase classname="tests.test_print_entries" name="test_print_pdf_returns_200[fuel]" time="0.000"><skipped type="pytest.skip" message="No seeded fuel record">/app/backend/tests/test_print_entries.py:94: No seeded fuel record</skipped></testcase><testcase classname="tests.test_print_entries" name="test_print_json_format[walkaround]" time="0.000"><skipped type="pytest.skip" message="No seeded walkaround record">/app/backend/tests/test_print_entries.py:105: No seeded walkaround record</skipped></testcase><testcase classname="tests.test_print_entries" name="test_print_json_format[defect]" time="0.093" /><testcase classname="tests.test_print_entries" name="test_print_json_format[service]" time="0.000"><skipped type="pytest.skip" message="No seeded service record">/app/backend/tests/test_print_entries.py:105: No seeded service record</skipped></testcase><testcase classname="tests.test_print_entries" name="test_print_json_format[repair]" time="0.000"><skipped type="pytest.skip" message="No seeded repair record">/app/backend/tests/test_print_entries.py:105: No seeded repair record</skipped></testcase><testcase classname="tests.test_print_entries" name="test_print_json_format[wheel]" time="0.000"><skipped type="pytest.skip" message="No seeded wheel record">/app/backend/tests/test_print_entries.py:105: No seeded wheel record</skipped></testcase><testcase classname="tests.test_print_entries" name="test_print_json_format[training]" time="0.107" /><testcase classname="tests.test_print_entries" name="test_print_json_format[insurance]" time="0.099" /><testcase classname="tests.test_print_entries" name="test_print_json_format[tacho]" time="0.096" /><testcase classname="tests.test_print_entries" name="test_print_json_format[recall]" time="0.000"><skipped type="pytest.skip" message="No seeded recall record">/app/backend/tests/test_print_entries.py:105: No seeded recall record</skipped></testcase><testcase classname="tests.test_print_entries" name="test_print_json_format[prohibition]" time="0.000"><skipped type="pytest.skip" message="No seeded prohibition record">/app/backend/tests/test_print_entries.py:105: No seeded prohibition record</skipped></testcase><testcase classname="tests.test_print_entries" name="test_print_json_format[compliance-doc]" time="0.000"><skipped type="pytest.skip" message="No seeded compliance-doc record">/app/backend/tests/test_print_entries.py:105: No seeded compliance-doc record</skipped></testcase><testcase classname="tests.test_print_entries" name="test_print_json_format[document]" time="0.102" /><testcase classname="tests.test_print_entries" name="test_print_json_format[fuel]" time="0.000"><skipped type="pytest.skip" message="No seeded fuel record">/app/backend/tests/test_print_entries.py:105: No seeded fuel record</skipped></testcase><testcase classname="tests.test_print_entries" name="test_print_include_files[walkaround]" time="0.000"><skipped type="pytest.skip" message="No seeded walkaround record">/app/backend/tests/test_print_entries.py:117: No seeded walkaround record</skipped></testcase><testcase classname="tests.test_print_entries" name="test_print_include_files[defect]" time="0.476" /><testcase classname="tests.test_print_entries" name="test_print_include_files[service]" time="0.000"><skipped type="pytest.skip" message="No seeded service record">/app/backend/tests/test_print_entries.py:117: No seeded service record</skipped></testcase><testcase classname="tests.test_print_entries" name="test_print_include_files[repair]" time="0.000"><skipped type="pytest.skip" message="No seeded repair record">/app/backend/tests/test_print_entries.py:117: No seeded repair record</skipped></testcase><testcase classname="tests.test_print_entries" name="test_print_include_files[wheel]" time="0.000"><skipped type="pytest.skip" message="No seeded wheel record">/app/backend/tests/test_print_entries.py:117: No seeded wheel record</skipped></testcase><testcase classname="tests.test_print_entries" name="test_print_include_files[training]" time="0.441" /><testcase classname="tests.test_print_entries" name="test_print_include_files[insurance]" time="0.442" /><testcase classname="tests.test_print_entries" name="test_print_include_files[tacho]" time="0.362" /><testcase classname="tests.test_print_entries" name="test_print_include_files[recall]" time="0.000"><skipped type="pytest.skip" message="No seeded recall record">/app/backend/tests/test_print_entries.py:117: No seeded recall record</skipped></testcase><testcase classname="tests.test_print_entries" name="test_print_include_files[prohibition]" time="0.000"><skipped type="pytest.skip" message="No seeded prohibition record">/app/backend/tests/test_print_entries.py:117: No seeded prohibition record</skipped></testcase><testcase classname="tests.test_print_entries" name="test_print_include_files[compliance-doc]" time="0.000"><skipped type="pytest.skip" message="No seeded compliance-doc record">/app/backend/tests/test_print_entries.py:117: No seeded compliance-doc record</skipped></testcase><testcase classname="tests.test_print_entries" name="test_print_include_files[document]" time="0.758" /><testcase classname="tests.test_print_entries" name="test_print_include_files[fuel]" time="0.000"><skipped type="pytest.skip" message="No seeded fuel record">/app/backend/tests/test_print_entries.py:117: No seeded fuel record</skipped></testcase><testcase classname="tests.test_print_entries" name="test_print_unknown_kind_404" time="0.093" /><testcase classname="tests.test_print_entries" name="test_print_unknown_id_404" time="0.094" /><testcase classname="tests.test_print_entries" name="test_print_requires_auth" time="0.097" /></testsuite></testsuites>