<?xml version="1.0" encoding="utf-8"?><testsuites name="pytest tests"><testsuite name="pytest" errors="0" failures="0" skipped="0" tests="24" time="11.577" timestamp="2026-07-08T10:27:28.160115+00:00" hostname="agent-env-85e5ff70-2ba2-4cc5-bcaf-01dfad592bba"><testcase classname="tests.backend_test.TestAuth" name="test_register_new_user" time="0.588" /><testcase classname="tests.backend_test.TestAuth" name="test_register_duplicate_email" time="0.604" /><testcase classname="tests.backend_test.TestPMI" name="test_pmi_create_auto_next_due" time="1.223" /><testcase classname="tests.backend_test.TestPMI" name="test_pmi_full_lifecycle_and_complete" time="1.361" /><testcase classname="tests.backend_test.TestAuth" name="test_login_seed_account" time="0.353" /><testcase classname="tests.backend_test.TestAuth" name="test_login_wrong_password" time="0.379" /><testcase classname="tests.backend_test.TestAuth" name="test_me_requires_auth" time="0.094" /><testcase classname="tests.backend_test.TestAuth" name="test_me_returns_user" time="0.150" /><testcase classname="tests.backend_test.TestAuth" name="test_logout" time="0.171" /><testcase classname="tests.backend_test.TestVehicles" name="test_create_list_edit_delete" time="0.655" /><testcase classname="tests.backend_test.TestPMI" name="test_pmi_complete_missing_schedule_returns_404" time="0.108" /><testcase classname="tests.backend_test.TestPMI" name="test_pmi_edit_missing_returns_404" time="0.101" /><testcase classname="tests.backend_test.TestPMI" name="test_pmi_requires_auth" time="0.178" /><testcase classname="tests.backend_test.TestDashboard" name="test_dashboard_shape" time="0.096" /><testcase classname="tests.backend_test.TestVehicles" name="test_edit_missing_returns_404" time="0.135" /><testcase classname="tests.backend_test.TestDashboard" name="test_ai_risk_insight_returns_text" time="6.312" /><testcase classname="tests.backend_test.TestVehicles" name="test_requires_auth" time="2.620" /><testcase classname="tests.backend_test.TestDrivers" name="test_create_list_edit_delete" time="0.570" /><testcase classname="tests.backend_test.TestDocuments" name="test_create_list_edit_delete" time="0.487" /><testcase classname="tests.backend_test.TestDefects" name="test_create_list_status_delete" time="1.890" /><testcase classname="tests.backend_test.TestDashboardPMI" name="test_dashboard_counts_include_pmi_and_alerts" time="0.307" /><testcase classname="tests.backend_test.TestIsolation" name="test_data_scoped_per_user" time="0.964" /><testcase classname="tests.backend_test.TestCalendar" name="test_calendar_returns_events_and_shape" time="0.452" /><testcase classname="tests.backend_test.TestCalendar" name="test_calendar_requires_auth" time="0.090" /></testsuite></testsuites>