<?xml version="1.0" encoding="utf-8"?><testsuites name="pytest tests"><testsuite name="pytest" errors="0" failures="0" skipped="0" tests="35" time="13.538" timestamp="2026-07-08T10:50:48.945280+00:00" hostname="agent-env-85e5ff70-2ba2-4cc5-bcaf-01dfad592bba"><testcase classname="tests.backend_test.TestAuth" name="test_register_new_user" time="0.489" /><testcase classname="tests.backend_test.TestAuth" name="test_register_duplicate_email" time="0.611" /><testcase classname="tests.backend_test.TestPMI" name="test_pmi_create_auto_next_due" time="1.141" /><testcase classname="tests.backend_test.TestPMI" name="test_pmi_full_lifecycle_and_complete" time="1.764" /><testcase classname="tests.backend_test.TestAuth" name="test_login_seed_account" time="0.430" /><testcase classname="tests.backend_test.TestAuth" name="test_login_wrong_password" time="0.316" /><testcase classname="tests.backend_test.TestAuth" name="test_me_requires_auth" time="0.092" /><testcase classname="tests.backend_test.TestAuth" name="test_me_returns_user" time="0.098" /><testcase classname="tests.backend_test.TestAuth" name="test_logout" time="0.102" /><testcase classname="tests.backend_test.TestFileUpload" name="test_upload_and_download_via_bearer" time="0.757" /><testcase classname="tests.backend_test.TestFileUpload" name="test_upload_requires_auth" time="0.127" /><testcase classname="tests.backend_test.TestPMI" name="test_pmi_complete_missing_schedule_returns_404" time="0.099" /><testcase classname="tests.backend_test.TestPMI" name="test_pmi_edit_missing_returns_404" time="0.113" /><testcase classname="tests.backend_test.TestFileUpload" name="test_download_requires_auth" time="0.090" /><testcase classname="tests.backend_test.TestPMI" name="test_pmi_requires_auth" time="0.341" /><testcase classname="tests.backend_test.TestFileUpload" name="test_download_wrong_user_forbidden" time="0.740" /><testcase classname="tests.backend_test.TestVehicles" name="test_create_list_edit_delete" time="0.723" /><testcase classname="tests.backend_test.TestTrailers" name="test_create_list_edit_delete" time="0.608" /><testcase classname="tests.backend_test.TestVehicles" name="test_edit_missing_returns_404" time="0.140" /><testcase classname="tests.backend_test.TestVehicles" name="test_requires_auth" time="0.096" /><testcase classname="tests.backend_test.TestTraining" name="test_create_list_filter_edit_delete" time="3.832" /><testcase classname="tests.backend_test.TestTrailers" name="test_edit_missing_returns_404" time="0.101" /><testcase classname="tests.backend_test.TestTrailers" name="test_requires_auth" time="0.088" /><testcase classname="tests.backend_test.TestDashboard" name="test_dashboard_shape" time="0.101" /><testcase classname="tests.backend_test.TestDashboard" name="test_ai_risk_insight_returns_text" time="5.535" /><testcase classname="tests.backend_test.TestTraining" name="test_edit_missing_returns_404" time="0.107" /><testcase classname="tests.backend_test.TestTraining" name="test_requires_auth" time="0.097" /><testcase classname="tests.backend_test.TestDrivers" name="test_create_list_edit_delete" time="0.497" /><testcase classname="tests.backend_test.TestDocuments" name="test_create_list_edit_delete" time="0.484" /><testcase classname="tests.backend_test.TestDefects" name="test_create_list_status_delete" time="2.197" /><testcase classname="tests.backend_test.TestCalendar" name="test_calendar_returns_events_and_shape" time="0.326" /><testcase classname="tests.backend_test.TestCalendar" name="test_calendar_requires_auth" time="0.094" /><testcase classname="tests.backend_test.TestIsolation" name="test_data_scoped_per_user" time="1.099" /><testcase classname="tests.backend_test.TestDashboardPMI" name="test_dashboard_counts_include_pmi_and_alerts" time="0.296" /><testcase classname="tests.backend_test.TestDashboardTrailersTraining" name="test_dashboard_counts_and_alerts_include_trailers_training" time="0.817" /></testsuite></testsuites>